Added Component: Designator=C1(Capa_100n)
Added Component: Designator=C2(Capa_100n)
Added Component: Designator=C3(AXIAL-1.0)
Added Component: Designator=C4(CAPPR_100u)
Added Component: Designator=C5(CAPPR_100u)
Added Component: Designator=C6(Capa_100n)
Added Component: Designator=D1(Led 0.1)
Added Component: Designator=D2(Led 0.1)
Added Component: Designator=D3(Led 0.1)
Added Component: Designator=D4(DIODE-1N5408)
Added Component: Designator=F1(FUSE-10)
Added Component: Designator=F2(FUSE-10)
Added Component: Designator=P1(CONVIS-3)
Added Component: Designator=P2(connecteur capteur Hall)
Added Component: Designator=P3(connecteur PC Sorties command)
Added Component: Designator=P5(connecteur 3A)
Added Component: Designator=R1(AXIAL-0.4)
Added Component: Designator=R2(AXIAL-0.4)
Added Component: Designator=R3(AXIAL-0.4)
Added Component: Designator=R4(AXIAL-0.4)
Added Component: Designator=R5(AXIAL-0.4)
Added Component: Designator=S1(SIP3)
Added Component: Designator=S2(SIP3)
Added Component: Designator=T1(TO-5)
Added Component: Designator=T2(TO-3)
Added Component: Designator=T3(TO-220 - Transistor)
Added Component: Designator=U2(Sonde_Courant)
Added Pin To Net: NetName=GND Pin=C1-2
Added Pin To Net: NetName=GND Pin=C2-2
Added Pin To Net: NetName=GND Pin=C3-2
Added Pin To Net: NetName=GND Pin=C4-1
Added Pin To Net: NetName=GND Pin=C5-1
Added Pin To Net: NetName=GND Pin=C6-2
Added Pin To Net: NetName=GND Pin=D1-2
Added Pin To Net: NetName=GND Pin=D3-2
Added Pin To Net: NetName=GND Pin=D4-1
Added Pin To Net: NetName=GND Pin=P1-2
Added Pin To Net: NetName=GND Pin=P2-3
Added Pin To Net: NetName=GND Pin=P3-2
Added Pin To Net: NetName=GND Pin=P5-2
Added Pin To Net: NetName=GND Pin=P5-2
Added Pin To Net: NetName=GND Pin=R1-1
Added Net: Name=GND
Added Pin To Net: NetName=NetC1_1 Pin=C1-1
Added Pin To Net: NetName=NetC1_1 Pin=C3-1
Added Pin To Net: NetName=NetC1_1 Pin=C6-1
Added Pin To Net: NetName=NetC1_1 Pin=F1-2
Added Pin To Net: NetName=NetC1_1 Pin=F1-2
Added Pin To Net: NetName=NetC1_1 Pin=F1-2
Added Pin To Net: NetName=NetC1_1 Pin=R2-2
Added Pin To Net: NetName=NetC1_1 Pin=T1-3
Added Pin To Net: NetName=NetC1_1 Pin=T2-3
Added Pin To Net: NetName=NetC1_1 Pin=T2-3
Added Pin To Net: NetName=NetC1_1 Pin=T3-2
Added Pin To Net: NetName=NetC1_1 Pin=U2-12
Added Net: Name=NetC1_1
Added Pin To Net: NetName=NetC2_1 Pin=C2-1
Added Pin To Net: NetName=NetC2_1 Pin=P2-1
Added Pin To Net: NetName=NetC2_1 Pin=R3-2
Added Net: Name=NetC2_1
Added Pin To Net: NetName=NetC4_2 Pin=C4-2
Added Pin To Net: NetName=NetC4_2 Pin=C5-2
Added Pin To Net: NetName=NetC4_2 Pin=D2-2
Added Pin To Net: NetName=NetC4_2 Pin=F2-2
Added Pin To Net: NetName=NetC4_2 Pin=F2-2
Added Pin To Net: NetName=NetC4_2 Pin=F2-2
Added Pin To Net: NetName=NetC4_2 Pin=U2-11
Added Net: Name=NetC4_2
Added Pin To Net: NetName=NetD1_1 Pin=D1-1
Added Pin To Net: NetName=NetD1_1 Pin=R2-1
Added Net: Name=NetD1_1
Added Pin To Net: NetName=NetD2_1 Pin=D2-1
Added Pin To Net: NetName=NetD2_1 Pin=R1-2
Added Net: Name=NetD2_1
Added Pin To Net: NetName=NetD3_1 Pin=D3-1
Added Pin To Net: NetName=NetD3_1 Pin=R3-1
Added Net: Name=NetD3_1
Added Pin To Net: NetName=NetD4_2 Pin=D4-2
Added Pin To Net: NetName=NetD4_2 Pin=S2-2
Added Net: Name=NetD4_2
Added Pin To Net: NetName=NetF1_1 Pin=F1-1
Added Pin To Net: NetName=NetF1_1 Pin=F1-1
Added Pin To Net: NetName=NetF1_1 Pin=F1-1
Added Pin To Net: NetName=NetF1_1 Pin=P1-1
Added Net: Name=NetF1_1
Added Pin To Net: NetName=NetF2_1 Pin=F2-1
Added Pin To Net: NetName=NetF2_1 Pin=F2-1
Added Pin To Net: NetName=NetF2_1 Pin=F2-1
Added Pin To Net: NetName=NetF2_1 Pin=P1-3
Added Net: Name=NetF2_1
Added Pin To Net: NetName=NetP2_2 Pin=P2-2
Added Net: Name=NetP2_2
Added Pin To Net: NetName=NetP3_1 Pin=P3-1
Added Net: Name=NetP3_1
Added Pin To Net: NetName=NetP4_3 Pin=P5-1
Added Pin To Net: NetName=NetP4_3 Pin=P5-1
Added Pin To Net: NetName=NetP4_3 Pin=S2-1
Added Pin To Net: NetName=NetP4_3 Pin=U2-6
Added Net: Name=NetP4_3
Added Pin To Net: NetName=NetP4_5 Pin=R5-2
Added Pin To Net: NetName=NetP4_5 Pin=U2-13
Added Net: Name=NetP4_5
Added Pin To Net: NetName=NetR4_1 Pin=R4-1
Added Pin To Net: NetName=NetR4_1 Pin=T1-2
Added Net: Name=NetR4_1
Added Pin To Net: NetName=NetR4_2 Pin=R4-2
Added Pin To Net: NetName=NetR4_2 Pin=S1-3
Added Net: Name=NetR4_2
Added Pin To Net: NetName=NetS1_1 Pin=S1-1
Added Pin To Net: NetName=NetS1_1 Pin=T3-1
Added Net: Name=NetS1_1
Added Pin To Net: NetName=NetS1_2 Pin=S1-2
Added Net: Name=NetS1_2
Added Pin To Net: NetName=NetT1_1 Pin=T1-1
Added Pin To Net: NetName=NetT1_1 Pin=T2-1
Added Net: Name=NetT1_1
Added Pin To Net: NetName=NetT2_2 Pin=T2-2
Added Pin To Net: NetName=NetT2_2 Pin=T3-3
Added Pin To Net: NetName=NetT2_2 Pin=U2-1
Added Net: Name=NetT2_2
Added Pin To Net: NetName=NetU2_2 Pin=U2-2
Added Pin To Net: NetName=NetU2_2 Pin=U2-10
Added Net: Name=NetU2_2
Added Pin To Net: NetName=NetU2_3 Pin=U2-3
Added Pin To Net: NetName=NetU2_3 Pin=U2-9
Added Net: Name=NetU2_3
Added Pin To Net: NetName=NetU2_4 Pin=U2-4
Added Pin To Net: NetName=NetU2_4 Pin=U2-8
Added Net: Name=NetU2_4
Added Pin To Net: NetName=NetU2_5 Pin=U2-5
Added Pin To Net: NetName=NetU2_5 Pin=U2-7
Added Net: Name=NetU2_5
